<?xml version="1.0" encoding="UTF-8"?>
<testsuite xmlns:xsi="http://www.w3.org/2001/XMLSchema-instance" xsi:noNamespaceSchemaLocation="https://maven.apache.org/surefire/maven-surefire-plugin/xsd/surefire-test-report-3.0.xsd" version="3.0" name="com.example.CalendarTest" time="0.112" tests="25" errors="0" skipped="0" failures="0">
  <properties>
[...]
</properties>
  <testcase name="testDescriptionTypeInconnu" classname="com.example.CalendarTest" time="0.044"/>
  <testcase name="testPierreWrongPassword" classname="com.example.CalendarTest" time="0.005"/>
  <testcase name="testViewAllEventsSubcase" classname="com.example.CalendarTest" time="0.003"/>
  <testcase name="testConflit_SecondFaux" classname="com.example.CalendarTest" time="0.0"/>
  <testcase name="testDateDebutAvantPeriode" classname="com.example.CalendarTest" time="0.0"/>
  <testcase name="testConflit_UnPeriodiqueAvecNonPeriodique" classname="com.example.CalendarTest" time="0.001"/>
  <testcase name="testConflit_PremierFaux" classname="com.example.CalendarTest" time="0.0"/>
  <testcase name="testRogerWrongPassword" classname="com.example.CalendarTest" time="0.002"/>
  <testcase name="testAddPeriodicEvent" classname="com.example.CalendarTest" time="0.002"/>
  <testcase name="testAddPersonalEvent" classname="com.example.CalendarTest" time="0.002"/>
  <testcase name="testCreateAccountMismatch" classname="com.example.CalendarTest" time="0.001"/>
  <testcase name="testPierreLoginSuccess" classname="com.example.CalendarTest" time="0.001"/>
  <testcase name="testEventsDansPeriode" classname="com.example.CalendarTest" time="0.0"/>
  <testcase name="testCreateAccountSuccess" classname="com.example.CalendarTest" time="0.001"/>
  <testcase name="testAfficherEvenements" classname="com.example.CalendarTest" time="0.003">
    <system-out><![CDATA[RDV : Piscine à 2024-06-01T10:00
Réunion : Projet X à Salle A avec Bob,Charlie
Événement périodique : Gym tous les 2 jours
]]></system-out>
  </testcase>
  <testcase name="testConflit" classname="com.example.CalendarTest" time="0.001"/>
  <testcase name="testAjouterEvent" classname="com.example.CalendarTest" time="0.001"/>
  <testcase name="testAddMeetingWithParticipants" classname="com.example.CalendarTest" time="0.003"/>
  <testcase name="testConflitMemeType" classname="com.example.CalendarTest" time="0.001"/>
  <testcase name="testViewMonthWeekDay_NoEvents" classname="com.example.CalendarTest" time="0.007"/>
  <testcase name="testLoginWithCreatedUser" classname="com.example.CalendarTest" time="0.001"/>
  <testcase name="testAfficherListeNonEmptyViaMonthView" classname="com.example.CalendarTest" time="0.002"/>
  <testcase name="testConflit_TotalementVrai" classname="com.example.CalendarTest" time="0.001"/>
  <testcase name="testRogerLoginAndViewAllEvents" classname="com.example.CalendarTest" time="0.001"/>
  <testcase name="testDescription" classname="com.example.CalendarTest" time="0.001"/>
</testsuite>