<?xml version="1.0" encoding="UTF-8"?>
<testsuite xmlns:xsi="http://www.w3.org/2001/XMLSchema-instance" xsi:noNamespaceSchemaLocation="https://maven.apache.org/surefire/maven-surefire-plugin/xsd/surefire-test-report.xsd" version="3.0.2" name="com.gildedrose.GildedRoseTest" time="0.072" tests="19" errors="0" skipped="0" failures="0" flakes="0">
  <properties>
[...]
</properties>
  <testcase name="agedBrie1" classname="com.gildedrose.GildedRoseTest" time="0.028"/>
  <testcase name="agedBrie2" classname="com.gildedrose.GildedRoseTest" time="0.001"/>
  <testcase name="agedBrie3" classname="com.gildedrose.GildedRoseTest" time="0.002"/>
  <testcase name="sulfuras" classname="com.gildedrose.GildedRoseTest" time="0.0"/>
  <testcase name="backstage1" classname="com.gildedrose.GildedRoseTest" time="0.001"/>
  <testcase name="backstage2" classname="com.gildedrose.GildedRoseTest" time="0.001"/>
  <testcase name="backstage3" classname="com.gildedrose.GildedRoseTest" time="0.0"/>
  <testcase name="backstage4" classname="com.gildedrose.GildedRoseTest" time="0.001"/>
  <testcase name="backstage5" classname="com.gildedrose.GildedRoseTest" time="0.001"/>
  <testcase name="ItemToString" classname="com.gildedrose.GildedRoseTest" time="0.006"/>
  <testcase name="foo" classname="com.gildedrose.GildedRoseTest" time="0.0"/>
  <testcase name="foo1" classname="com.gildedrose.GildedRoseTest" time="0.0"/>
  <testcase name="foo2" classname="com.gildedrose.GildedRoseTest" time="0.001"/>
  <testcase name="foo3" classname="com.gildedrose.GildedRoseTest" time="0.0"/>
  <testcase name="foo4" classname="com.gildedrose.GildedRoseTest" time="0.001"/>
  <testcase name="sulfuras2" classname="com.gildedrose.GildedRoseTest" time="0.001"/>
  <testcase name="sulfuras3" classname="com.gildedrose.GildedRoseTest" time="0.0"/>
  <testcase name="backstage" classname="com.gildedrose.GildedRoseTest" time="0.001"/>
  <testcase name="agedBrie" classname="com.gildedrose.GildedRoseTest" time="0.001"/>
</testsuite>